[4](+) 0x5600488ccbb0 (1)
  [2](+) 0x5600488cb8f0 (3)
    [0](+) 0x5600488cb990 (16)
    [0](-) 0x5600488cb990 (16) (*)
  [0](-) 0x5600488cb990 (16) (*)

==> Total #BddNodes : 3

[5](-) 0x5600488cca20 (1)
  [3](+) 0x5600488cb8a0 (3)
    [0](+) 0x5600488cb990 (17)
    [0](-) 0x5600488cb990 (17) (*)
  [0](+) 0x5600488cb990 (17) (*)

==> Total #BddNodes : 3

[2](+) 0x5600488cca70 (1)
  [1](+) 0x5600488cb940 (3)
    [0](+) 0x5600488cb990 (18)
    [0](-) 0x5600488cb990 (18) (*)
  [0](-) 0x5600488cb990 (18) (*)

==> Total #BddNodes : 3

[4](+) 0x5600488ccb10 (1)
  [3](+) 0x5600488ccac0 (1)
    [2](+) 0x5600488cb8f0 (4)
      [0](+) 0x5600488cb990 (20)
      [0](-) 0x5600488cb990 (20) (*)
    [0](-) 0x5600488cb990 (20) (*)
  [0](-) 0x5600488cb990 (20) (*)

==> Total #BddNodes : 4

[5](+) 0x5600488cd3e0 (1)
  [4](+) 0x5600488cc9c0 (1)
    [3](+) 0x5600488ccb60 (1)
      [2](+) 0x5600488cb8f0 (5)
        [0](+) 0x5600488cb990 (21)
        [0](-) 0x5600488cb990 (21) (*)
      [0](+) 0x5600488cb990 (21) (*)
    [3](-) 0x5600488cb8a0 (4)
      [0](+) 0x5600488cb990 (21) (*)
      [0](-) 0x5600488cb990 (21) (*)
  [4](+) 0x5600488ccbb0 (2)
    [2](+) 0x5600488cb8f0 (5) (*)
    [0](-) 0x5600488cb990 (21) (*)

==> Total #BddNodes : 7

[5](+) 0x5600488cd480 (1)
  [4](+) 0x5600488cd430 (1)
    [0](+) 0x5600488cb990 (22)
    [3](-) 0x5600488cb8a0 (5)
      [0](+) 0x5600488cb990 (22) (*)
      [0](-) 0x5600488cb990 (22) (*)
  [4](+) 0x5600488cb850 (3)
    [0](+) 0x5600488cb990 (22) (*)
    [0](-) 0x5600488cb990 (22) (*)

==> Total #BddNodes : 5

[5](+) 0x5600488cd5e0 (1)
  [4](+) 0x5600488cd520 (1)
    [2](+) 0x5600488cca70 (4)
      [1](+) 0x5600488cb940 (3)
        [0](+) 0x5600488cb990 (24)
        [0](-) 0x5600488cb990 (24) (*)
      [0](-) 0x5600488cb990 (24) (*)
    [3](-) 0x5600488cd4d0 (1)
      [0](+) 0x5600488cb990 (24) (*)
      [2](-) 0x5600488cca70 (4) (*)
  [4](+) 0x5600488cd570 (1)
    [2](+) 0x5600488cca70 (4) (*)
    [0](-) 0x5600488cb990 (24) (*)

==> Total #BddNodes : 7

[5](+) 0x5600488cd700 (1)
  [4](+) 0x5600488cd670 (1)
    [3](+) 0x5600488cd600 (2)
      [2](+) 0x5600488cb8f0 (6)
        [0](+) 0x5600488cb990 (25)
        [0](-) 0x5600488cb990 (25) (*)
      [2](+) 0x5600488cca70 (5)
        [1](+) 0x5600488cb940 (3)
          [0](+) 0x5600488cb990 (25) (*)
          [0](-) 0x5600488cb990 (25) (*)
        [0](-) 0x5600488cb990 (25) (*)
    [3](-) 0x5600488cd4d0 (2)
      [0](+) 0x5600488cb990 (25) (*)
      [2](-) 0x5600488cca70 (5) (*)
  [4](+) 0x5600488cd6e0 (1)
    [3](+) 0x5600488cd600 (2) (*)
    [0](-) 0x5600488cb990 (25) (*)

==> Total #BddNodes : 9

[6](+) 0x5600488cd720 (1)
  [5](+) 0x5600488cd700 (2)
    [4](+) 0x5600488cd670 (1)
      [3](+) 0x5600488cd600 (2)
        [2](+) 0x5600488cb8f0 (6)
          [0](+) 0x5600488cb990 (26)
          [0](-) 0x5600488cb990 (26) (*)
        [2](+) 0x5600488cca70 (5)
          [1](+) 0x5600488cb940 (3)
            [0](+) 0x5600488cb990 (26) (*)
            [0](-) 0x5600488cb990 (26) (*)
          [0](-) 0x5600488cb990 (26) (*)
      [3](-) 0x5600488cd4d0 (2)
        [0](+) 0x5600488cb990 (26) (*)
        [2](-) 0x5600488cca70 (5) (*)
    [4](+) 0x5600488cd6e0 (1)
      [3](+) 0x5600488cd600 (2) (*)
      [0](-) 0x5600488cb990 (26) (*)
  [0](-) 0x5600488cb990 (26) (*)

==> Total #BddNodes : 10
