[4](+) 0x5574c890bbb0 (1)
  [2](+) 0x5574c890a8f0 (3)
    [0](+) 0x5574c890a990 (16)
    [0](-) 0x5574c890a990 (16) (*)
  [0](-) 0x5574c890a990 (16) (*)

==> Total #BddNodes : 3

[5](-) 0x5574c890ba20 (1)
  [3](+) 0x5574c890a8a0 (3)
    [0](+) 0x5574c890a990 (17)
    [0](-) 0x5574c890a990 (17) (*)
  [0](+) 0x5574c890a990 (17) (*)

==> Total #BddNodes : 3

[2](+) 0x5574c890ba70 (1)
  [1](+) 0x5574c890a940 (3)
    [0](+) 0x5574c890a990 (18)
    [0](-) 0x5574c890a990 (18) (*)
  [0](-) 0x5574c890a990 (18) (*)

==> Total #BddNodes : 3

[4](+) 0x5574c890bb10 (1)
  [3](+) 0x5574c890bac0 (1)
    [2](+) 0x5574c890a8f0 (4)
      [0](+) 0x5574c890a990 (20)
      [0](-) 0x5574c890a990 (20) (*)
    [0](-) 0x5574c890a990 (20) (*)
  [0](-) 0x5574c890a990 (20) (*)

==> Total #BddNodes : 4

[5](+) 0x5574c890c3e0 (1)
  [4](+) 0x5574c890b9c0 (1)
    [3](+) 0x5574c890bb60 (1)
      [2](+) 0x5574c890a8f0 (5)
        [0](+) 0x5574c890a990 (21)
        [0](-) 0x5574c890a990 (21) (*)
      [0](+) 0x5574c890a990 (21) (*)
    [3](-) 0x5574c890a8a0 (4)
      [0](+) 0x5574c890a990 (21) (*)
      [0](-) 0x5574c890a990 (21) (*)
  [4](+) 0x5574c890bbb0 (2)
    [2](+) 0x5574c890a8f0 (5) (*)
    [0](-) 0x5574c890a990 (21) (*)

==> Total #BddNodes : 7

[5](+) 0x5574c890c480 (1)
  [4](+) 0x5574c890c430 (1)
    [0](+) 0x5574c890a990 (22)
    [3](-) 0x5574c890a8a0 (5)
      [0](+) 0x5574c890a990 (22) (*)
      [0](-) 0x5574c890a990 (22) (*)
  [4](+) 0x5574c890a850 (3)
    [0](+) 0x5574c890a990 (22) (*)
    [0](-) 0x5574c890a990 (22) (*)

==> Total #BddNodes : 5

[5](+) 0x5574c890c5e0 (1)
  [4](+) 0x5574c890c520 (1)
    [2](+) 0x5574c890ba70 (4)
      [1](+) 0x5574c890a940 (3)
        [0](+) 0x5574c890a990 (24)
        [0](-) 0x5574c890a990 (24) (*)
      [0](-) 0x5574c890a990 (24) (*)
    [3](-) 0x5574c890c4d0 (1)
      [0](+) 0x5574c890a990 (24) (*)
      [2](-) 0x5574c890ba70 (4) (*)
  [4](+) 0x5574c890c570 (1)
    [2](+) 0x5574c890ba70 (4) (*)
    [0](-) 0x5574c890a990 (24) (*)

==> Total #BddNodes : 7

[5](+) 0x5574c890c700 (1)
  [4](+) 0x5574c890c670 (1)
    [3](+) 0x5574c890c600 (2)
      [2](+) 0x5574c890a8f0 (6)
        [0](+) 0x5574c890a990 (25)
        [0](-) 0x5574c890a990 (25) (*)
      [2](+) 0x5574c890ba70 (5)
        [1](+) 0x5574c890a940 (3)
          [0](+) 0x5574c890a990 (25) (*)
          [0](-) 0x5574c890a990 (25) (*)
        [0](-) 0x5574c890a990 (25) (*)
    [3](-) 0x5574c890c4d0 (2)
      [0](+) 0x5574c890a990 (25) (*)
      [2](-) 0x5574c890ba70 (5) (*)
  [4](+) 0x5574c890c6e0 (1)
    [3](+) 0x5574c890c600 (2) (*)
    [0](-) 0x5574c890a990 (25) (*)

==> Total #BddNodes : 9

[6](+) 0x5574c890c720 (1)
  [5](+) 0x5574c890c700 (2)
    [4](+) 0x5574c890c670 (1)
      [3](+) 0x5574c890c600 (2)
        [2](+) 0x5574c890a8f0 (6)
          [0](+) 0x5574c890a990 (26)
          [0](-) 0x5574c890a990 (26) (*)
        [2](+) 0x5574c890ba70 (5)
          [1](+) 0x5574c890a940 (3)
            [0](+) 0x5574c890a990 (26) (*)
            [0](-) 0x5574c890a990 (26) (*)
          [0](-) 0x5574c890a990 (26) (*)
      [3](-) 0x5574c890c4d0 (2)
        [0](+) 0x5574c890a990 (26) (*)
        [2](-) 0x5574c890ba70 (5) (*)
    [4](+) 0x5574c890c6e0 (1)
      [3](+) 0x5574c890c600 (2) (*)
      [0](-) 0x5574c890a990 (26) (*)
  [0](-) 0x5574c890a990 (26) (*)

==> Total #BddNodes : 10
