[6](+) 0x557af1776950 (1)
  [5](+) 0x557af1776900 (2)
    [4](+) 0x557af1776890 (1)
      [3](+) 0x557af1776820 (2)
        [2](+) 0x557af17758f0 (6)
          [0](+) 0x557af1775990 (26)
          [0](-) 0x557af1775990 (26) (*)
        [2](+) 0x557af1776a70 (5)
          [1](+) 0x557af1775940 (3)
            [0](+) 0x557af1775990 (26) (*)
            [0](-) 0x557af1775990 (26) (*)
          [0](-) 0x557af1775990 (26) (*)
      [3](-) 0x557af17766f0 (2)
        [0](+) 0x557af1775990 (26) (*)
        [2](-) 0x557af1776a70 (5) (*)
    [4](+) 0x557af17768b0 (1)
      [3](+) 0x557af1776820 (2) (*)
      [0](-) 0x557af1775990 (26) (*)
  [0](-) 0x557af1775990 (26) (*)

==> Total #BddNodes : 10
